C51 COMPILER V9.60.7.0   MDINDLY                                                           12/22/2023 18:00:42 PAGE 1   


C51 COMPILER V9.60.7.0, COMPILATION OF MODULE MDINDLY
OBJECT MODULE PLACED IN .\obj\mdindly.obj
COMPILER INVOKED BY: C:\Keil_v5\C51\BIN\C51.EXE src\MDIN3xx\mdindly.c LARGE OPTIMIZE(9,SIZE) BROWSE DEBUG OBJECTEXTEND P
                    -RINT(.\lst\mdindly.lst) TABS(2) OBJECT(.\obj\mdindly.obj)

line level    source

   1          //--------------------------------------------------------------------------------------------------------
             ---------------
   2          // (C) Copyright 2010  Macro Image Technology Co., LTd. , All rights reserved
   3          // 
   4          // This source code is the property of Macro Image Technology and is provided
   5          // pursuant to a Software License Agreement. This code's reuse and distribution
   6          // without Macro Image Technology's permission is strictly limited by the confidential
   7          // information provisions of the Software License Agreement.
   8          //--------------------------------------------------------------------------------------------------------
             ----------------
   9          //
  10          // File Name      : MDINDLY.C
  11          // Description    :
  12          // Ref. Docment   : 
  13          // Revision History   :
  14          
  15          // ----------------------------------------------------------------------
  16          // Include files
  17          // ----------------------------------------------------------------------
  18          #include  "intrins.h"
  19          #include  "mdin3xx.h"
  20          
  21          // ----------------------------------------------------------------------
  22          // Struct/Union Types and define
  23          // ----------------------------------------------------------------------
  24          
  25          // ----------------------------------------------------------------------
  26          // Static Global Data section variables
  27          // ----------------------------------------------------------------------
  28          //VWORD usDelay, msDelay;
  29          
  30          // ----------------------------------------------------------------------
  31          // External Variable 
  32          // ----------------------------------------------------------------------
  33          
  34          // ----------------------------------------------------------------------
  35          // Static Prototype Functions
  36          // ----------------------------------------------------------------------
  37          
  38          // ----------------------------------------------------------------------
  39          // Static functions
  40          // ----------------------------------------------------------------------
  41          
  42          //--------------------------------------------------------------------------------------------------------
             -------------------
  43          // Drive Function for delay (usec and msec)
  44          // You must make functions which is defined below.
  45          //--------------------------------------------------------------------------------------------------------
             -------------------
  46          MDIN_ERROR_t MDINDLY_10uSec(WORD delay)
  47          {
  48   1        // For 10us delay, add user delay function --------------------------------------------//
  49   1        while(delay)
  50   1        {
C51 COMPILER V9.60.7.0   MDINDLY                                                           12/22/2023 18:00:42 PAGE 2   

  51   2          _nop_();
  52   2          _nop_();
  53   2          _nop_();
  54   2          _nop_();
  55   2          _nop_();
  56   2          delay--;    
  57   2      
  58   2        }
  59   1      
  60   1        //-------------------------------------------------------------------------------------//
  61   1        
  62   1        return MDIN_NO_ERROR;
  63   1      }
  64          
  65          //--------------------------------------------------------------------------------------------------------
             -------------------
  66          extern xdata BYTE mS_timer; 
  67          MDIN_ERROR_t MDINDLY_mSec(BYTE delay)
  68          {
  69   1        // For 1ms delay, add user delay function ---------------------------------------------//
  70   1        mS_timer=delay;
  71   1        while(mS_timer) _nop_();
  72   1      
  73   1        //-------------------------------------------------------------------------------------//
  74   1        
  75   1        return MDIN_NO_ERROR;
  76   1      }
  77          
  78          /*  FILE_END_HERE */


MODULE INFORMATION:   STATIC OVERLAYABLE
   CODE SIZE        =     36    ----
   CONSTANT SIZE    =   ----    ----
   XDATA SIZE       =   ----    ----
   PDATA SIZE       =   ----    ----
   DATA SIZE        =   ----    ----
   IDATA SIZE       =   ----    ----
   BIT SIZE         =   ----    ----
END OF MODULE INFORMATION.


C51 COMPILATION COMPLETE.  0 WARNING(S),  0 ERROR(S)
